2021-11-03 19:36:38 INFO  BasicInformationTest:42 - Selected Loan Type is : HOU
2021-11-03 19:36:38 INFO  BasicInformationTest:45 - Property is shorted
2021-11-03 19:36:39 INFO  BasicInformationTest:48 - Selected property state is : MAHARASHTRA
2021-11-03 19:36:42 INFO  BasicInformationTest:54 - Searched property city is : Nashik
2021-11-03 19:36:43 INFO  BasicInformationTest:57 - The entered property cost is : 4500000
2021-11-03 19:36:43 INFO  BasicInformationTest:60 - Applicant Name is : Shrikant agrawal
2021-11-03 19:36:43 INFO  BasicInformationTest:64 - Clicked on Basic information continue button
2021-11-03 19:36:43 INFO  ApplicantsTest:44 - Selected residing state is : MAHARASHTRA
2021-11-03 19:36:45 INFO  ApplicantsTest:49 - Searched residing city is : MUMBAI
2021-11-03 19:36:46 INFO  ApplicantsTest:53 - Entered age of applicant is : 35
2021-11-03 19:36:46 INFO  ApplicantsTest:56 - Occupation of employee is : EMPLOYED
2021-11-03 19:36:46 INFO  ApplicantsTest:59 - Income of applicant is : 55000
2021-11-03 19:36:47 INFO  ApplicantsTest:62 - Retirement age of applicant is : 60
2021-11-03 19:36:47 INFO  ApplicantsTest:65 - Monthly EMI's of applicant is : 26
2021-11-03 19:36:47 INFO  ApplicantsTest:68 - Applicant Email ID is : kndn@gmail.com
2021-11-03 19:36:47 INFO  ApplicantsTest:71 - Mobile number of applicant is : 7219577480
2021-11-03 19:36:47 INFO  ApplicantsTest:75 - Agree box checked successfully
2021-11-03 19:36:47 INFO  ApplicantsTest:78 - Clicked on Applicants continue button
2021-11-03 19:37:04 INFO  BasicInformationTest:42 - Selected Loan Type is : HOU
2021-11-03 19:37:04 INFO  BasicInformationTest:45 - Property is shorted
2021-11-03 19:37:04 INFO  BasicInformationTest:48 - Selected property state is : MAHARASHTRA
2021-11-03 19:37:07 INFO  BasicInformationTest:54 - Searched property city is : Nashik
2021-11-03 19:37:07 INFO  BasicInformationTest:57 - The entered property cost is : 4500000
2021-11-03 19:37:07 INFO  BasicInformationTest:60 - Applicant Name is : Shrikant agrawal
2021-11-03 19:37:07 INFO  BasicInformationTest:64 - Clicked on Basic information continue button
2021-11-03 19:37:07 INFO  OTPVerificationTest:39 - Chrome browser is found and initiated successfully..
2021-11-03 19:37:08 INFO  ApplicantsTest:44 - Selected residing state is : MAHARASHTRA
2021-11-03 19:37:10 INFO  ApplicantsTest:49 - Searched residing city is : MUMBAI
2021-11-03 19:37:10 INFO  ApplicantsTest:53 - Entered age of applicant is : 35
2021-11-03 19:37:10 INFO  ApplicantsTest:56 - Occupation of employee is : EMPLOYED
2021-11-03 19:37:10 INFO  ApplicantsTest:59 - Income of applicant is : 55000
2021-11-03 19:37:10 INFO  ApplicantsTest:62 - Retirement age of applicant is : 60
2021-11-03 19:37:11 INFO  ApplicantsTest:65 - Monthly EMI's of applicant is : 26
2021-11-03 19:37:11 INFO  ApplicantsTest:68 - Applicant Email ID is : kndn@gmail.com
2021-11-03 19:37:11 INFO  ApplicantsTest:71 - Mobile number of applicant is : 7219577480
2021-11-03 19:37:11 INFO  ApplicantsTest:75 - Agree box checked successfully
2021-11-03 19:37:11 INFO  ApplicantsTest:78 - Clicked on Applicants continue button
2021-11-03 19:37:16 INFO  OTPVerificationTest:56 - Clicked on Resend OTP button
2021-11-03 19:39:07 WARN  OTPVerificationTest:61 - Please do check the entered OTP carefully
2021-11-03 19:40:33 INFO  BasicInformationTest:42 - Selected Loan Type is : HOU
2021-11-03 19:40:33 INFO  BasicInformationTest:45 - Property is shorted
2021-11-03 19:40:33 INFO  BasicInformationTest:48 - Selected property state is : MAHARASHTRA
2021-11-03 19:40:36 INFO  BasicInformationTest:54 - Searched property city is : Nashik
2021-11-03 19:40:36 INFO  BasicInformationTest:57 - The entered property cost is : 4500000
2021-11-03 19:40:36 INFO  BasicInformationTest:60 - Applicant Name is : Shrikant agrawal
2021-11-03 19:40:36 INFO  BasicInformationTest:64 - Clicked on Basic information continue button
2021-11-03 19:40:53 INFO  BasicInformationTest:42 - Selected Loan Type is : HOU
2021-11-03 19:40:54 INFO  BasicInformationTest:45 - Property is shorted
2021-11-03 19:40:54 INFO  BasicInformationTest:48 - Selected property state is : MAHARASHTRA
2021-11-03 19:40:56 INFO  BasicInformationTest:54 - Searched property city is : Nashik
2021-11-03 19:40:56 INFO  BasicInformationTest:57 - The entered property cost is : 4500000
2021-11-03 19:40:56 INFO  BasicInformationTest:60 - Applicant Name is : Shrikant agrawal
2021-11-03 19:40:57 INFO  BasicInformationTest:64 - Clicked on Basic information continue button
2021-11-03 19:40:57 INFO  ApplicantsTest:44 - Selected residing state is : MAHARASHTRA
2021-11-03 19:40:59 INFO  ApplicantsTest:49 - Searched residing city is : MUMBAI
2021-11-03 19:40:59 INFO  ApplicantsTest:53 - Entered age of applicant is : 35
2021-11-03 19:41:00 INFO  ApplicantsTest:56 - Occupation of employee is : EMPLOYED
2021-11-03 19:41:00 INFO  ApplicantsTest:59 - Income of applicant is : 55000
2021-11-03 19:41:00 INFO  ApplicantsTest:62 - Retirement age of applicant is : 60
2021-11-03 19:41:00 INFO  ApplicantsTest:65 - Monthly EMI's of applicant is : 26
2021-11-03 19:41:00 INFO  ApplicantsTest:68 - Applicant Email ID is : kndn@gmail.com
2021-11-03 19:41:01 INFO  ApplicantsTest:71 - Mobile number of applicant is : 7219577480
2021-11-03 19:41:01 INFO  ApplicantsTest:75 - Agree box checked successfully
2021-11-03 19:41:01 INFO  ApplicantsTest:78 - Clicked on Applicants continue button
2021-11-03 19:45:02 INFO  BasicInformationTest:43 - Selected Loan Type is : HOU
2021-11-03 19:45:03 INFO  BasicInformationTest:46 - Property is shorted
2021-11-03 19:45:03 INFO  BasicInformationTest:49 - Selected property state is : MAHARASHTRA
2021-11-03 19:45:07 INFO  BasicInformationTest:55 - Searched property city is : Nashik
2021-11-03 19:45:07 INFO  BasicInformationTest:58 - The entered property cost is : 4500000
2021-11-03 19:45:07 INFO  BasicInformationTest:61 - Applicant Name is : Shrikant agrawal
2021-11-03 19:45:08 INFO  BasicInformationTest:65 - Clicked on Basic information continue button
2021-11-03 19:45:19 INFO  BasicInformationTest:43 - Selected Loan Type is : HOU
2021-11-03 19:45:20 INFO  BasicInformationTest:46 - Property is shorted
2021-11-03 19:45:20 INFO  BasicInformationTest:49 - Selected property state is : MAHARASHTRA
2021-11-03 19:45:22 INFO  BasicInformationTest:55 - Searched property city is : Nashik
2021-11-03 19:45:22 INFO  BasicInformationTest:58 - The entered property cost is : 4500000
2021-11-03 19:45:23 INFO  BasicInformationTest:61 - Applicant Name is : Shrikant agrawal
2021-11-03 19:45:23 INFO  BasicInformationTest:65 - Clicked on Basic information continue button
2021-11-03 19:45:23 INFO  ApplicantsTest:44 - Selected residing state is : MAHARASHTRA
2021-11-03 19:45:25 INFO  ApplicantsTest:49 - Searched residing city is : MUMBAI
2021-11-03 19:45:26 INFO  ApplicantsTest:53 - Entered age of applicant is : 35
2021-11-03 19:45:26 INFO  ApplicantsTest:56 - Occupation of employee is : EMPLOYED
2021-11-03 19:45:26 INFO  ApplicantsTest:59 - Income of applicant is : 55000
2021-11-03 19:45:26 INFO  ApplicantsTest:62 - Retirement age of applicant is : 60
2021-11-03 19:45:26 INFO  ApplicantsTest:65 - Monthly EMI's of applicant is : 26
2021-11-03 19:45:27 INFO  ApplicantsTest:68 - Applicant Email ID is : kndn@gmail.com
2021-11-03 19:45:27 INFO  ApplicantsTest:71 - Mobile number of applicant is : 7219577480
2021-11-03 19:45:27 INFO  ApplicantsTest:75 - Agree box checked successfully
2021-11-03 19:45:27 INFO  ApplicantsTest:78 - Clicked on Applicants continue button
2021-11-03 19:45:38 INFO  BasicInformationTest:43 - Selected Loan Type is : HOU
2021-11-03 19:45:39 INFO  BasicInformationTest:46 - Property is shorted
2021-11-03 19:45:40 INFO  BasicInformationTest:49 - Selected property state is : MAHARASHTRA
2021-11-03 19:45:42 INFO  BasicInformationTest:55 - Searched property city is : Nashik
2021-11-03 19:45:42 INFO  BasicInformationTest:58 - The entered property cost is : 4500000
2021-11-03 19:45:42 INFO  BasicInformationTest:61 - Applicant Name is : Shrikant agrawal
2021-11-03 19:45:43 INFO  BasicInformationTest:65 - Clicked on Basic information continue button
2021-11-03 19:45:43 INFO  OTPVerificationTest:39 - Chrome browser is found and initiated successfully..
2021-11-03 19:45:43 INFO  ApplicantsTest:44 - Selected residing state is : MAHARASHTRA
2021-11-03 19:45:45 INFO  ApplicantsTest:49 - Searched residing city is : MUMBAI
2021-11-03 19:45:45 INFO  ApplicantsTest:53 - Entered age of applicant is : 35
2021-11-03 19:45:46 INFO  ApplicantsTest:56 - Occupation of employee is : EMPLOYED
2021-11-03 19:45:46 INFO  ApplicantsTest:59 - Income of applicant is : 55000
2021-11-03 19:45:46 INFO  ApplicantsTest:62 - Retirement age of applicant is : 60
2021-11-03 19:45:46 INFO  ApplicantsTest:65 - Monthly EMI's of applicant is : 26
2021-11-03 19:45:46 INFO  ApplicantsTest:68 - Applicant Email ID is : kndn@gmail.com
2021-11-03 19:45:46 INFO  ApplicantsTest:71 - Mobile number of applicant is : 7219577480
2021-11-03 19:45:47 INFO  ApplicantsTest:75 - Agree box checked successfully
2021-11-03 19:45:47 INFO  ApplicantsTest:78 - Clicked on Applicants continue button
2021-11-03 19:45:48 INFO  OTPVerificationTest:56 - Clicked on Resend OTP button
2021-11-03 19:47:06 WARN  OTPVerificationTest:61 - Please do check the entered OTP carefully
2021-11-03 19:48:21 INFO  BasicInformationTest:43 - Selected Loan Type is : HOU
2021-11-03 19:48:21 INFO  BasicInformationTest:46 - Property is shorted
2021-11-03 19:48:21 INFO  BasicInformationTest:49 - Selected property state is : MAHARASHTRA
2021-11-03 19:48:24 INFO  BasicInformationTest:55 - Searched property city is : Nashik
2021-11-03 19:48:24 INFO  BasicInformationTest:58 - The entered property cost is : 4500000
2021-11-03 19:48:24 INFO  BasicInformationTest:61 - Applicant Name is : Shrikant agrawal
2021-11-03 19:48:24 INFO  BasicInformationTest:65 - Clicked on Basic information continue button
2021-11-03 19:48:24 INFO  OTPVerificationTest:39 - Chrome browser is found and initiated successfully..
2021-11-03 19:48:25 INFO  ApplicantsTest:44 - Selected residing state is : MAHARASHTRA
2021-11-03 19:48:27 INFO  ApplicantsTest:49 - Searched residing city is : MUMBAI
2021-11-03 19:48:27 INFO  ApplicantsTest:53 - Entered age of applicant is : 35
2021-11-03 19:48:27 INFO  ApplicantsTest:56 - Occupation of employee is : EMPLOYED
2021-11-03 19:48:28 INFO  ApplicantsTest:59 - Income of applicant is : 55000
2021-11-03 19:48:28 INFO  ApplicantsTest:62 - Retirement age of applicant is : 60
2021-11-03 19:48:28 INFO  ApplicantsTest:65 - Monthly EMI's of applicant is : 26
2021-11-03 19:48:28 INFO  ApplicantsTest:68 - Applicant Email ID is : kndn@gmail.com
2021-11-03 19:48:29 INFO  ApplicantsTest:71 - Mobile number of applicant is : 7219577480
2021-11-03 19:48:29 INFO  ApplicantsTest:75 - Agree box checked successfully
2021-11-03 19:48:29 INFO  ApplicantsTest:78 - Clicked on Applicants continue button
2021-11-03 19:48:33 INFO  OTPVerificationTest:56 - Clicked on Resend OTP button
2021-11-03 19:48:45 WARN  OTPVerificationTest:61 - Please do check the entered OTP carefully
2021-11-03 19:48:48 INFO  OTPVerificationTest:66 - OTP entered successfully
2021-11-03 19:48:48 INFO  OTPVerificationTest:70 - Clicked on Verify Button
2021-11-03 19:48:49 INFO  OTPVerificationTest:78 - Chrome browser is closed
2021-11-03 19:52:09 INFO  BasicInformationTest:43 - Selected Loan Type is : HOU
2021-11-03 19:52:09 INFO  BasicInformationTest:46 - Property is shorted
2021-11-03 19:52:09 INFO  BasicInformationTest:49 - Selected property state is : MAHARASHTRA
2021-11-03 19:52:12 INFO  BasicInformationTest:55 - Searched property city is : Nashik
2021-11-03 19:52:13 INFO  BasicInformationTest:58 - The entered property cost is : 4500000
2021-11-03 19:52:13 INFO  BasicInformationTest:61 - Applicant Name is : Shrikant agrawal
2021-11-03 19:52:13 INFO  BasicInformationTest:65 - Clicked on Basic information continue button
2021-11-03 19:52:13 INFO  OTPVerificationTest:39 - Chrome browser is found and initiated successfully..
2021-11-03 19:52:13 INFO  ApplicantsTest:44 - Selected residing state is : MAHARASHTRA
2021-11-03 19:52:16 INFO  ApplicantsTest:49 - Searched residing city is : MUMBAI
2021-11-03 19:52:16 INFO  ApplicantsTest:53 - Entered age of applicant is : 35
2021-11-03 19:52:16 INFO  ApplicantsTest:56 - Occupation of employee is : EMPLOYED
2021-11-03 19:52:16 INFO  ApplicantsTest:59 - Income of applicant is : 55000
2021-11-03 19:52:17 INFO  ApplicantsTest:62 - Retirement age of applicant is : 60
2021-11-03 19:52:17 INFO  ApplicantsTest:65 - Monthly EMI's of applicant is : 26
2021-11-03 19:52:17 INFO  ApplicantsTest:68 - Applicant Email ID is : kndn@gmail.com
2021-11-03 19:52:17 INFO  ApplicantsTest:71 - Mobile number of applicant is : 7219577480
2021-11-03 19:52:17 INFO  ApplicantsTest:75 - Agree box checked successfully
2021-11-03 19:52:18 INFO  ApplicantsTest:78 - Clicked on Applicants continue button
2021-11-03 19:52:20 INFO  OTPVerificationTest:56 - Clicked on Resend OTP button
2021-11-03 19:53:38 WARN  OTPVerificationTest:61 - Please do check the entered OTP carefully
2021-11-03 20:32:44 INFO  BasicInformationTest:43 - Selected Loan Type is : HOU
2021-11-03 20:32:45 INFO  BasicInformationTest:46 - Property is shorted
2021-11-03 20:32:46 INFO  BasicInformationTest:49 - Selected property state is : MAHARASHTRA
2021-11-03 20:32:50 INFO  BasicInformationTest:55 - Searched property city is : Nashik
2021-11-03 20:32:51 INFO  BasicInformationTest:58 - The entered property cost is : 4500000
2021-11-03 20:32:51 INFO  BasicInformationTest:61 - Applicant Name is : Shrikant agrawal
2021-11-03 20:32:51 INFO  BasicInformationTest:65 - Clicked on Basic information continue button
2021-11-03 20:32:51 INFO  OTPVerificationTest:39 - Chrome browser is found and initiated successfully..
2021-11-03 20:32:51 INFO  ApplicantsTest:44 - Selected residing state is : MAHARASHTRA
2021-11-03 20:32:54 INFO  ApplicantsTest:49 - Searched residing city is : MUMBAI
2021-11-03 20:32:54 INFO  ApplicantsTest:53 - Entered age of applicant is : 35
2021-11-03 20:32:54 INFO  ApplicantsTest:56 - Occupation of employee is : EMPLOYED
2021-11-03 20:32:54 INFO  ApplicantsTest:59 - Income of applicant is : 55000
2021-11-03 20:32:54 INFO  ApplicantsTest:62 - Retirement age of applicant is : 60
2021-11-03 20:32:54 INFO  ApplicantsTest:65 - Monthly EMI's of applicant is : 26
2021-11-03 20:32:55 INFO  ApplicantsTest:68 - Applicant Email ID is : kndn@gmail.com
2021-11-03 20:32:55 INFO  ApplicantsTest:71 - Mobile number of applicant is : 7219577480
2021-11-03 20:32:55 INFO  ApplicantsTest:75 - Agree box checked successfully
2021-11-03 20:32:55 INFO  ApplicantsTest:78 - Clicked on Applicants continue button
2021-11-03 20:32:58 INFO  OTPVerificationTest:56 - Clicked on Resend OTP button
2021-11-03 20:38:16 WARN  OTPVerificationTest:61 - Please do check the entered OTP carefully
